{
"contracts/Raffle.sol":{"l":{"40":3,"41":3,"42":3,"43":3,"44":3,"45":3,"46":3,"47":3,"51":4,"52":1,"54":3,"55":0,"57":3,"58":3,"65":1,"66":1,"67":1,"68":1,"69":1,"73":1,"74":1,"75":1,"78":0,"79":0,"86":0,"93":0,"94":0,"95":0,"96":0,"97":0,"98":0,"99":0,"100":0,"101":0,"103":0,"107":6,"111":1,"115":0,"119":1,"123":0,"127":0,"131":0,"135":0,"139":7},"path":"/home/donjosemathew/blockchain/hardhat/hardhat-solidity-lottery/contracts/Raffle.sol","s":{"1":4,"2":3,"3":3,"4":3,"5":1,"6":1,"7":1,"8":1,"9":1,"10":1,"11":0,"12":0,"13":0,"14":0,"15":0,"16":0,"17":0,"18":6,"19":1,"20":0,"21":1,"22":0,"23":0,"24":0,"25":0,"26":7},"b":{"1":[1,3],"2":[0,3],"3":[1,0],"4":[0,0]},"f":{"1":3,"2":4,"3":1,"4":1,"5":0,"6":6,"7":1,"8":0,"9":1,"10":0,"11":0,"12":0,"13":0,"14":7},"fnMap":{"1":{"name":"constructor","line":39,"loc":{"start":{"line":32,"column":4},"end":{"line":48,"column":4}}},"2":{"name":"enterRaffle","line":50,"loc":{"start":{"line":50,"column":4},"end":{"line":59,"column":4}}},"3":{"name":"checkUpkeep","line":62,"loc":{"start":{"line":62,"column":4},"end":{"line":70,"column":4}}},"4":{"name":"performUpkeep","line":72,"loc":{"start":{"line":72,"column":4},"end":{"line":87,"column":4}}},"5":{"name":"fulfillRandomWords","line":89,"loc":{"start":{"line":89,"column":4},"end":{"line":104,"column":4}}},"6":{"name":"getEntranceFee","line":106,"loc":{"start":{"line":106,"column":4},"end":{"line":108,"column":4}}},"7":{"name":"getPlayer","line":110,"loc":{"start":{"line":110,"column":4},"end":{"line":112,"column":4}}},"8":{"name":"getRecentWinner","line":114,"loc":{"start":{"line":114,"column":4},"end":{"line":116,"column":4}}},"9":{"name":"getRaffleState","line":118,"loc":{"start":{"line":118,"column":4},"end":{"line":120,"column":4}}},"10":{"name":"getNumWords","line":122,"loc":{"start":{"line":122,"column":4},"end":{"line":124,"column":4}}},"11":{"name":"getNumberOfPlayers","line":126,"loc":{"start":{"line":126,"column":4},"end":{"line":128,"column":4}}},"12":{"name":"getlatestTimeStamp","line":130,"loc":{"start":{"line":130,"column":4},"end":{"line":132,"column":4}}},"13":{"name":"getRequestConfirmations","line":134,"loc":{"start":{"line":134,"column":4},"end":{"line":136,"column":4}}},"14":{"name":"getInterval","line":138,"loc":{"start":{"line":138,"column":4},"end":{"line":140,"column":4}}}},"statementMap":{"1":{"start":{"line":51,"column":8},"end":{"line":51,"column":1881}},"2":{"start":{"line":54,"column":8},"end":{"line":54,"column":1980}},"3":{"start":{"line":57,"column":8},"end":{"line":57,"column":42}},"4":{"start":{"line":58,"column":8},"end":{"line":58,"column":36}},"5":{"start":{"line":65,"column":8},"end":{"line":65,"column":57}},"6":{"start":{"line":66,"column":8},"end":{"line":66,"column":76}},"7":{"start":{"line":67,"column":8},"end":{"line":67,"column":48}},"8":{"start":{"line":68,"column":8},"end":{"line":68,"column":51}},"9":{"start":{"line":73,"column":8},"end":{"line":73,"column":47}},"10":{"start":{"line":74,"column":8},"end":{"line":74,"column":2753}},"11":{"start":{"line":79,"column":8},"end":{"line":79,"column":2887}},"12":{"start":{"line":86,"column":8},"end":{"line":86,"column":45}},"13":{"start":{"line":93,"column":8},"end":{"line":93,"column":65}},"14":{"start":{"line":94,"column":8},"end":{"line":94,"column":63}},"15":{"start":{"line":99,"column":8},"end":{"line":99,"column":78}},"16":{"start":{"line":100,"column":8},"end":{"line":100,"column":3653}},"17":{"start":{"line":103,"column":8},"end":{"line":103,"column":39}},"18":{"start":{"line":107,"column":8},"end":{"line":107,"column":28}},"19":{"start":{"line":111,"column":8},"end":{"line":111,"column":31}},"20":{"start":{"line":115,"column":8},"end":{"line":115,"column":29}},"21":{"start":{"line":119,"column":8},"end":{"line":119,"column":28}},"22":{"start":{"line":123,"column":8},"end":{"line":123,"column":24}},"23":{"start":{"line":127,"column":8},"end":{"line":127,"column":31}},"24":{"start":{"line":131,"column":8},"end":{"line":131,"column":30}},"25":{"start":{"line":135,"column":8},"end":{"line":135,"column":36}},"26":{"start":{"line":139,"column":8},"end":{"line":139,"column":25}}},"branchMap":{"1":{"line":51,"type":"if","locations":[{"start":{"line":51,"column":8},"end":{"line":51,"column":8}},{"start":{"line":51,"column":8},"end":{"line":51,"column":8}}]},"2":{"line":54,"type":"if","locations":[{"start":{"line":54,"column":8},"end":{"line":54,"column":8}},{"start":{"line":54,"column":8},"end":{"line":54,"column":8}}]},"3":{"line":74,"type":"if","locations":[{"start":{"line":74,"column":8},"end":{"line":74,"column":8}},{"start":{"line":74,"column":8},"end":{"line":74,"column":8}}]},"4":{"line":100,"type":"if","locations":[{"start":{"line":100,"column":8},"end":{"line":100,"column":8}},{"start":{"line":100,"column":8},"end":{"line":100,"column":8}}]}}},
"contracts/test/VRFCoordinatorV2Mock.sol":{"l":{},"path":"/home/donjosemathew/blockchain/hardhat/hardhat-solidity-lottery/contracts/test/VRFCoordinatorV2Mock.sol","s":{},"b":{},"f":{},"fnMap":{},"statementMap":{},"branchMap":{}}}
