TN:
SF:/home/donjosemathew/blockchain/hardhat/hardhat-solidity-lottery/contracts/Raffle.sol
FN:39,constructor
FN:50,enterRaffle
FN:62,checkUpkeep
FN:72,performUpkeep
FN:89,fulfillRandomWords
FN:106,getEntranceFee
FN:110,getPlayer
FN:114,getRecentWinner
FN:118,getRaffleState
FN:122,getNumWords
FN:126,getNumberOfPlayers
FN:130,getlatestTimeStamp
FN:134,getRequestConfirmations
FN:138,getInterval
FNF:14
FNH:8
FNDA:3,constructor
FNDA:4,enterRaffle
FNDA:1,checkUpkeep
FNDA:1,performUpkeep
FNDA:0,fulfillRandomWords
FNDA:6,getEntranceFee
FNDA:1,getPlayer
FNDA:0,getRecentWinner
FNDA:1,getRaffleState
FNDA:0,getNumWords
FNDA:0,getNumberOfPlayers
FNDA:0,getlatestTimeStamp
FNDA:0,getRequestConfirmations
FNDA:7,getInterval
DA:40,3
DA:41,3
DA:42,3
DA:43,3
DA:44,3
DA:45,3
DA:46,3
DA:47,3
DA:51,4
DA:52,1
DA:54,3
DA:55,0
DA:57,3
DA:58,3
DA:65,1
DA:66,1
DA:67,1
DA:68,1
DA:69,1
DA:73,1
DA:74,1
DA:75,1
DA:78,0
DA:79,0
DA:86,0
DA:93,0
DA:94,0
DA:95,0
DA:96,0
DA:97,0
DA:98,0
DA:99,0
DA:100,0
DA:101,0
DA:103,0
DA:107,6
DA:111,1
DA:115,0
DA:119,1
DA:123,0
DA:127,0
DA:131,0
DA:135,0
DA:139,7
LF:44
LH:25
BRDA:51,1,0,1
BRDA:51,1,1,3
BRDA:54,2,0,0
BRDA:54,2,1,3
BRDA:74,3,0,1
BRDA:74,3,1,0
BRDA:100,4,0,0
BRDA:100,4,1,0
BRF:8
BRH:4
end_of_record
TN:
SF:/home/donjosemathew/blockchain/hardhat/hardhat-solidity-lottery/contracts/test/VRFCoordinatorV2Mock.sol
FNF:0
FNH:0
LF:0
LH:0
BRF:0
BRH:0
end_of_record
